<?xml version="1.0" encoding="UTF-8"?>
<!-- Generated by org.testng.reporters.JUnitReportReporter -->
<testsuite hostname="Harshiiii" failures="0" tests="3" name="com.example.api.APITest" time="2.695" errors="0" timestamp="2024-12-01T23:55:23 GMT-05:00" skipped="0">
  <testcase classname="com.example.api.APITest" name="testAllPosts" time="2.422"/>
  <system-out/>
  <testcase classname="com.example.api.APITest" name="testPostRequest" time="0.163"/>
  <system-out/>
  <testcase classname="com.example.api.APITest" name="testGetRequest" time="0.110"/>
  <system-out/>
</testsuite> <!-- com.example.api.APITest -->
